# JRE version: OpenJDK Runtime Environment (8.0_76-b03) (build 1.8.0_76-release-b03)
# Java VM: OpenJDK 64-Bit Server VM (25.76-b03 mixed mode linux-amd64 compressed oops)
Heap:
 PSYoungGen      total 139264K, used 18929K [0x00000000d8000000, 0x00000000e1d00000, 0x0000000100000000)
  eden space 120320K, 0% used [0x00000000d8000000,0x00000000d8000000,0x00000000df580000)
  from space 18944K, 99% used [0x00000000df580000,0x00000000e07fc770,0x00000000e0800000)
  to   space 16384K, 0% used [0x00000000e0800000,0x00000000e0800000,0x00000000e1800000)
 ParOldGen       total 81920K, used 29666K [0x0000000088000000, 0x000000008d000000, 0x00000000d8000000)
  object space 81920K, 36% used [0x0000000088000000,0x0000000089cf8b98,0x000000008d000000)
 Metaspace       used 3667K, capacity 5144K, committed 5376K, reserved 1056768K
  class space    used 377K, capacity 456K, committed 512K, reserved 1048576K
GC Heap History (10 events):
Event: 0,993 GC heap after
Heap after GC invocations=2 (full 0):
 PSYoungGen      total 35840K, used 5110K [0x00000000d8000000, 0x00000000dc600000, 0x0000000100000000)
  eden space 30720K, 0% used [0x00000000d8000000,0x00000000d8000000,0x00000000d9e00000)
  from space 5120K, 99% used [0x00000000da300000,0x00000000da7fda20,0x00000000da800000)
  to   space 5120K, 0% used [0x00000000d9e00000,0x00000000d9e00000,0x00000000da300000)
 ParOldGen       total 81920K, used 692K [0x0000000088000000, 0x000000008d000000, 0x00000000d8000000)
  object space 81920K, 0% used [0x0000000088000000,0x00000000880ad2d8,0x000000008d000000)
 Metaspace       used 3653K, capacity 5144K, committed 5376K, reserved 1056768K
  class space    used 376K, capacity 456K, committed 512K, reserved 1048576K
}
Event: 1,078 GC heap before
{Heap before GC invocations=3 (full 0):
 PSYoungGen      total 35840K, used 35830K [0x00000000d8000000, 0x00000000dc600000, 0x0000000100000000)
  eden space 30720K, 100% used [0x00000000d8000000,0x00000000d9e00000,0x00000000d9e00000)
  from space 5120K, 99% used [0x00000000da300000,0x00000000da7fda20,0x00000000da800000)
  to   space 5120K, 0% used [0x00000000d9e00000,0x00000000d9e00000,0x00000000da300000)
 ParOldGen       total 81920K, used 692K [0x0000000088000000, 0x000000008d000000, 0x00000000d8000000)
  object space 81920K, 0% used [0x0000000088000000,0x00000000880ad2d8,0x000000008d000000)
 Metaspace       used 3657K, capacity 5144K, committed 5376K, reserved 1056768K
  class space    used 376K, capacity 456K, committed 512K, reserved 1048576K
Event: 1,085 GC heap after
Heap after GC invocations=3 (full 0):
 PSYoungGen      total 35840K, used 5088K [0x00000000d8000000, 0x00000000dc600000, 0x0000000100000000)
  eden space 30720K, 0% used [0x00000000d8000000,0x00000000d8000000,0x00000000d9e00000)
  from space 5120K, 99% used [0x00000000d9e00000,0x00000000da2f8030,0x00000000da300000)
  to   space 5120K, 0% used [0x00000000dc100000,0x00000000dc100000,0x00000000dc600000)
 ParOldGen       total 81920K, used 3772K [0x0000000088000000, 0x000000008d000000, 0x00000000d8000000)
  object space 81920K, 4% used [0x0000000088000000,0x00000000883af068,0x000000008d000000)
 Metaspace       used 3657K, capacity 5144K, committed 5376K, reserved 1056768K
  class space    used 376K, capacity 456K, committed 512K, reserved 1048576K
}
Event: 1,179 GC heap before
{Heap before GC invocations=4 (full 0):
 PSYoungGen      total 35840K, used 35808K [0x00000000d8000000, 0x00000000dc600000, 0x0000000100000000)
  eden space 30720K, 100% used [0x00000000d8000000,0x00000000d9e00000,0x00000000d9e00000)
  from space 5120K, 99% used [0x00000000d9e00000,0x00000000da2f8030,0x00000000da300000)
  to   space 5120K, 0% used [0x00000000dc100000,0x00000000dc100000,0x00000000dc600000)
 ParOldGen       total 81920K, used 3772K [0x0000000088000000, 0x000000008d000000, 0x00000000d8000000)
  object space 81920K, 4% used [0x0000000088000000,0x00000000883af068,0x000000008d000000)
 Metaspace       used 3660K, capacity 5144K, committed 5376K, reserved 1056768K
  class space    used 376K, capacity 456K, committed 512K, reserved 1048576K
Event: 1,195 GC heap after
Heap after GC invocations=4 (full 0):
 PSYoungGen      total 66560K, used 5092K [0x00000000d8000000, 0x00000000dc600000, 0x0000000100000000)
  eden space 61440K, 0% used [0x00000000d8000000,0x00000000d8000000,0x00000000dbc00000)
  from space 5120K, 99% used [0x00000000dc100000,0x00000000dc5f9050,0x00000000dc600000)
  to   space 5120K, 0% used [0x00000000dbc00000,0x00000000dbc00000,0x00000000dc100000)
 ParOldGen       total 81920K, used 8759K [0x0000000088000000, 0x000000008d000000, 0x00000000d8000000)
  object space 81920K, 10% used [0x0000000088000000,0x000000008888dfa0,0x000000008d000000)
 Metaspace       used 3660K, capacity 5144K, committed 5376K, reserved 1056768K
  class space    used 376K, capacity 456K, committed 512K, reserved 1048576K
}
Event: 1,400 GC heap before
{Heap before GC invocations=5 (full 0):
 PSYoungGen      total 66560K, used 66532K [0x00000000d8000000, 0x00000000dc600000, 0x0000000100000000)
  eden space 61440K, 100% used [0x00000000d8000000,0x00000000dbc00000,0x00000000dbc00000)
  from space 5120K, 99% used [0x00000000dc100000,0x00000000dc5f9050,0x00000000dc600000)
  to   space 5120K, 0% used [0x00000000dbc00000,0x00000000dbc00000,0x00000000dc100000)
 ParOldGen       total 81920K, used 8759K [0x0000000088000000, 0x000000008d000000, 0x00000000d8000000)
  object space 81920K, 10% used [0x0000000088000000,0x000000008888dfa0,0x000000008d000000)
 Metaspace       used 3661K, capacity 5144K, committed 5376K, reserved 1056768K
  class space    used 376K, capacity 456K, committed 512K, reserved 1048576K
Event: 1,428 GC heap after
Heap after GC invocations=5 (full 0):
 PSYoungGen      total 66560K, used 5104K [0x00000000d8000000, 0x00000000e1800000, 0x0000000100000000)
  eden space 61440K, 0% used [0x00000000d8000000,0x00000000d8000000,0x00000000dbc00000)
  from space 5120K, 99% used [0x00000000dbc00000,0x00000000dc0fc040,0x00000000dc100000)
  to   space 16384K, 0% used [0x00000000e0800000,0x00000000e0800000,0x00000000e1800000)
 ParOldGen       total 81920K, used 18886K [0x0000000088000000, 0x000000008d000000, 0x00000000d8000000)
  object space 81920K, 23% used [0x0000000088000000,0x0000000089271aa0,0x000000008d000000)
 Metaspace       used 3661K, capacity 5144K, committed 5376K, reserved 1056768K
  class space    used 376K, capacity 456K, committed 512K, reserved 1048576K
}
Event: 1,595 GC heap before
{Heap before GC invocations=6 (full 0):
 PSYoungGen      total 66560K, used 66544K [0x00000000d8000000, 0x00000000e1800000, 0x0000000100000000)
  eden space 61440K, 100% used [0x00000000d8000000,0x00000000dbc00000,0x00000000dbc00000)
  from space 5120K, 99% used [0x00000000dbc00000,0x00000000dc0fc040,0x00000000dc100000)
  to   space 16384K, 0% used [0x00000000e0800000,0x00000000e0800000,0x00000000e1800000)
 ParOldGen       total 81920K, used 18886K [0x0000000088000000, 0x000000008d000000, 0x00000000d8000000)
  object space 81920K, 23% used [0x0000000088000000,0x0000000089271aa0,0x000000008d000000)
 Metaspace       used 3664K, capacity 5144K, committed 5376K, reserved 1056768K
  class space    used 377K, capacity 456K, committed 512K, reserved 1048576K
Event: 1,618 GC heap after
Heap after GC invocations=6 (full 0):
 PSYoungGen      total 136704K, used 15088K [0x00000000d8000000, 0x00000000e1d00000, 0x0000000100000000)
  eden space 120320K, 0% used [0x00000000d8000000,0x00000000d8000000,0x00000000df580000)
  from space 16384K, 92% used [0x00000000e0800000,0x00000000e16bc1f8,0x00000000e1800000)
  to   space 18944K, 0% used [0x00000000df580000,0x00000000df580000,0x00000000e0800000)
 ParOldGen       total 81920K, used 18894K [0x0000000088000000, 0x000000008d000000, 0x00000000d8000000)
  object space 81920K, 23% used [0x0000000088000000,0x0000000089273aa0,0x000000008d000000)
 Metaspace       used 3664K, capacity 5144K, committed 5376K, reserved 1056768K
  class space    used 377K, capacity 456K, committed 512K, reserved 1048576K
}
Event: 1,962 GC heap before
{Heap before GC invocations=7 (full 0):
 PSYoungGen      total 136704K, used 135408K [0x00000000d8000000, 0x00000000e1d00000, 0x0000000100000000)
  eden space 120320K, 100% used [0x00000000d8000000,0x00000000df580000,0x00000000df580000)
  from space 16384K, 92% used [0x00000000e0800000,0x00000000e16bc1f8,0x00000000e1800000)
  to   space 18944K, 0% used [0x00000000df580000,0x00000000df580000,0x00000000e0800000)
 ParOldGen       total 81920K, used 18894K [0x0000000088000000, 0x000000008d000000, 0x00000000d8000000)
  object space 81920K, 23% used [0x0000000088000000,0x0000000089273aa0,0x000000008d000000)
 Metaspace       used 3667K, capacity 5144K, committed 5376K, reserved 1056768K
  class space    used 377K, capacity 456K, committed 512K, reserved 1048576K

