# JRE version: OpenJDK Runtime Environment (8.0_76-b03) (build 1.8.0_76-release-b03)
# Java VM: OpenJDK 64-Bit Server VM (25.76-b03 mixed mode linux-amd64 compressed oops)
Heap:
 PSYoungGen      total 139264K, used 18935K [0x00000000d8000000, 0x00000000e1d00000, 0x0000000100000000)
  eden space 120320K, 0% used [0x00000000d8000000,0x00000000d8000000,0x00000000df580000)
  from space 18944K, 99% used [0x00000000df580000,0x00000000e07fdd78,0x00000000e0800000)
  to   space 16384K, 0% used [0x00000000e0800000,0x00000000e0800000,0x00000000e1800000)
 ParOldGen       total 81920K, used 29708K [0x0000000088000000, 0x000000008d000000, 0x00000000d8000000)
  object space 81920K, 36% used [0x0000000088000000,0x0000000089d032a0,0x000000008d000000)
 Metaspace       used 3657K, capacity 5144K, committed 5376K, reserved 1056768K
  class space    used 377K, capacity 456K, committed 512K, reserved 1048576K
GC Heap History (10 events):
Event: 1,264 GC heap after
Heap after GC invocations=2 (full 0):
 PSYoungGen      total 35840K, used 5091K [0x00000000d8000000, 0x00000000dc600000, 0x0000000100000000)
  eden space 30720K, 0% used [0x00000000d8000000,0x00000000d8000000,0x00000000d9e00000)
  from space 5120K, 99% used [0x00000000da300000,0x00000000da7f8d68,0x00000000da800000)
  to   space 5120K, 0% used [0x00000000d9e00000,0x00000000d9e00000,0x00000000da300000)
 ParOldGen       total 81920K, used 706K [0x0000000088000000, 0x000000008d000000, 0x00000000d8000000)
  object space 81920K, 0% used [0x0000000088000000,0x00000000880b0870,0x000000008d000000)
 Metaspace       used 3643K, capacity 5144K, committed 5376K, reserved 1056768K
  class space    used 376K, capacity 456K, committed 512K, reserved 1048576K
}
Event: 1,353 GC heap before
{Heap before GC invocations=3 (full 0):
 PSYoungGen      total 35840K, used 35811K [0x00000000d8000000, 0x00000000dc600000, 0x0000000100000000)
  eden space 30720K, 100% used [0x00000000d8000000,0x00000000d9e00000,0x00000000d9e00000)
  from space 5120K, 99% used [0x00000000da300000,0x00000000da7f8d68,0x00000000da800000)
  to   space 5120K, 0% used [0x00000000d9e00000,0x00000000d9e00000,0x00000000da300000)
 ParOldGen       total 81920K, used 706K [0x0000000088000000, 0x000000008d000000, 0x00000000d8000000)
  object space 81920K, 0% used [0x0000000088000000,0x00000000880b0870,0x000000008d000000)
 Metaspace       used 3649K, capacity 5144K, committed 5376K, reserved 1056768K
  class space    used 376K, capacity 456K, committed 512K, reserved 1048576K
Event: 1,370 GC heap after
Heap after GC invocations=3 (full 0):
 PSYoungGen      total 35840K, used 5108K [0x00000000d8000000, 0x00000000dc600000, 0x0000000100000000)
  eden space 30720K, 0% used [0x00000000d8000000,0x00000000d8000000,0x00000000d9e00000)
  from space 5120K, 99% used [0x00000000d9e00000,0x00000000da2fd040,0x00000000da300000)
  to   space 5120K, 0% used [0x00000000dc100000,0x00000000dc100000,0x00000000dc600000)
 ParOldGen       total 81920K, used 3750K [0x0000000088000000, 0x000000008d000000, 0x00000000d8000000)
  object space 81920K, 4% used [0x0000000088000000,0x00000000883a9978,0x000000008d000000)
 Metaspace       used 3649K, capacity 5144K, committed 5376K, reserved 1056768K
  class space    used 376K, capacity 456K, committed 512K, reserved 1048576K
}
Event: 1,464 GC heap before
{Heap before GC invocations=4 (full 0):
 PSYoungGen      total 35840K, used 35828K [0x00000000d8000000, 0x00000000dc600000, 0x0000000100000000)
  eden space 30720K, 100% used [0x00000000d8000000,0x00000000d9e00000,0x00000000d9e00000)
  from space 5120K, 99% used [0x00000000d9e00000,0x00000000da2fd040,0x00000000da300000)
  to   space 5120K, 0% used [0x00000000dc100000,0x00000000dc100000,0x00000000dc600000)
 ParOldGen       total 81920K, used 3750K [0x0000000088000000, 0x000000008d000000, 0x00000000d8000000)
  object space 81920K, 4% used [0x0000000088000000,0x00000000883a9978,0x000000008d000000)
 Metaspace       used 3652K, capacity 5144K, committed 5376K, reserved 1056768K
  class space    used 376K, capacity 456K, committed 512K, reserved 1048576K
Event: 1,490 GC heap after
Heap after GC invocations=4 (full 0):
 PSYoungGen      total 66560K, used 5092K [0x00000000d8000000, 0x00000000dc600000, 0x0000000100000000)
  eden space 61440K, 0% used [0x00000000d8000000,0x00000000d8000000,0x00000000dbc00000)
  from space 5120K, 99% used [0x00000000dc100000,0x00000000dc5f9050,0x00000000dc600000)
  to   space 5120K, 0% used [0x00000000dbc00000,0x00000000dbc00000,0x00000000dc100000)
 ParOldGen       total 81920K, used 8722K [0x0000000088000000, 0x000000008d000000, 0x00000000d8000000)
  object space 81920K, 10% used [0x0000000088000000,0x00000000888848b0,0x000000008d000000)
 Metaspace       used 3652K, capacity 5144K, committed 5376K, reserved 1056768K
  class space    used 376K, capacity 456K, committed 512K, reserved 1048576K
}
Event: 1,674 GC heap before
{Heap before GC invocations=5 (full 0):
 PSYoungGen      total 66560K, used 66532K [0x00000000d8000000, 0x00000000dc600000, 0x0000000100000000)
  eden space 61440K, 100% used [0x00000000d8000000,0x00000000dbc00000,0x00000000dbc00000)
  from space 5120K, 99% used [0x00000000dc100000,0x00000000dc5f9050,0x00000000dc600000)
  to   space 5120K, 0% used [0x00000000dbc00000,0x00000000dbc00000,0x00000000dc100000)
 ParOldGen       total 81920K, used 8722K [0x0000000088000000, 0x000000008d000000, 0x00000000d8000000)
  object space 81920K, 10% used [0x0000000088000000,0x00000000888848b0,0x000000008d000000)
 Metaspace       used 3653K, capacity 5144K, committed 5376K, reserved 1056768K
  class space    used 376K, capacity 456K, committed 512K, reserved 1048576K
Event: 1,700 GC heap after
Heap after GC invocations=5 (full 0):
 PSYoungGen      total 66560K, used 5092K [0x00000000d8000000, 0x00000000e1800000, 0x0000000100000000)
  eden space 61440K, 0% used [0x00000000d8000000,0x00000000d8000000,0x00000000dbc00000)
  from space 5120K, 99% used [0x00000000dbc00000,0x00000000dc0f9050,0x00000000dc100000)
  to   space 16384K, 0% used [0x00000000e0800000,0x00000000e0800000,0x00000000e1800000)
 ParOldGen       total 81920K, used 18682K [0x0000000088000000, 0x000000008d000000, 0x00000000d8000000)
  object space 81920K, 22% used [0x0000000088000000,0x000000008923e930,0x000000008d000000)
 Metaspace       used 3653K, capacity 5144K, committed 5376K, reserved 1056768K
  class space    used 376K, capacity 456K, committed 512K, reserved 1048576K
}
Event: 1,906 GC heap before
{Heap before GC invocations=6 (full 0):
 PSYoungGen      total 66560K, used 66532K [0x00000000d8000000, 0x00000000e1800000, 0x0000000100000000)
  eden space 61440K, 100% used [0x00000000d8000000,0x00000000dbc00000,0x00000000dbc00000)
  from space 5120K, 99% used [0x00000000dbc00000,0x00000000dc0f9050,0x00000000dc100000)
  to   space 16384K, 0% used [0x00000000e0800000,0x00000000e0800000,0x00000000e1800000)
 ParOldGen       total 81920K, used 18682K [0x0000000088000000, 0x000000008d000000, 0x00000000d8000000)
  object space 81920K, 22% used [0x0000000088000000,0x000000008923e930,0x000000008d000000)
 Metaspace       used 3654K, capacity 5144K, committed 5376K, reserved 1056768K
  class space    used 377K, capacity 456K, committed 512K, reserved 1048576K
Event: 1,924 GC heap after
Heap after GC invocations=6 (full 0):
 PSYoungGen      total 136704K, used 15172K [0x00000000d8000000, 0x00000000e1d00000, 0x0000000100000000)
  eden space 120320K, 0% used [0x00000000d8000000,0x00000000d8000000,0x00000000df580000)
  from space 16384K, 92% used [0x00000000e0800000,0x00000000e16d1208,0x00000000e1800000)
  to   space 18944K, 0% used [0x00000000df580000,0x00000000df580000,0x00000000e0800000)
 ParOldGen       total 81920K, used 18690K [0x0000000088000000, 0x000000008d000000, 0x00000000d8000000)
  object space 81920K, 22% used [0x0000000088000000,0x0000000089240930,0x000000008d000000)
 Metaspace       used 3654K, capacity 5144K, committed 5376K, reserved 1056768K
  class space    used 377K, capacity 456K, committed 512K, reserved 1048576K
}
Event: 2,294 GC heap before
{Heap before GC invocations=7 (full 0):
 PSYoungGen      total 136704K, used 135492K [0x00000000d8000000, 0x00000000e1d00000, 0x0000000100000000)
  eden space 120320K, 100% used [0x00000000d8000000,0x00000000df580000,0x00000000df580000)
  from space 16384K, 92% used [0x00000000e0800000,0x00000000e16d1208,0x00000000e1800000)
  to   space 18944K, 0% used [0x00000000df580000,0x00000000df580000,0x00000000e0800000)
 ParOldGen       total 81920K, used 18690K [0x0000000088000000, 0x000000008d000000, 0x00000000d8000000)
  object space 81920K, 22% used [0x0000000088000000,0x0000000089240930,0x000000008d000000)
 Metaspace       used 3657K, capacity 5144K, committed 5376K, reserved 1056768K
  class space    used 377K, capacity 456K, committed 512K, reserved 1048576K

